npm ERR! code ERESOLVE
npm ERR! ERESOLVE could not resolve
npm ERR! 
npm ERR! While resolving: @typescript-eslint/eslint-plugin@8.11.0
npm ERR! Found: @typescript-eslint/parser@7.9.0
npm ERR! node_modules/@typescript-eslint/parser
npm ERR!   peer @typescript-eslint/parser@"^7.0.0" from eslint-config-airbnb-typescript@18.0.0
npm ERR!   node_modules/eslint-config-airbnb-typescript
npm ERR!     dev eslint-config-airbnb-typescript@"^18.0.0" from the root project
npm ERR!   dev @typescript-eslint/parser@"^7.9.0" from the root project
npm ERR! 
npm ERR! Could not resolve dependency:
npm ERR! peer @typescript-eslint/parser@"^8.0.0 || ^8.0.0-alpha.0" from @typescript-eslint/eslint-plugin@8.11.0
npm ERR! node_modules/@typescript-eslint/eslint-plugin
npm ERR!   dev @typescript-eslint/eslint-plugin@"^8.11.0" from the root project
npm ERR! 
npm ERR! Conflicting peer dependency: @typescript-eslint/parser@8.11.0
npm ERR! node_modules/@typescript-eslint/parser
npm ERR!   peer @typescript-eslint/parser@"^8.0.0 || ^8.0.0-alpha.0" from @typescript-eslint/eslint-plugin@8.11.0
npm ERR!   node_modules/@typescript-eslint/eslint-plugin
npm ERR!     dev @typescript-eslint/eslint-plugin@"^8.11.0" from the root project
npm ERR! 
npm ERR! Fix the upstream dependency conflict, or retry
npm ERR! this command with --force or --legacy-peer-deps
npm ERR! to accept an incorrect (and potentially broken) dependency resolution.
npm ERR! 
npm ERR! 
npm ERR! For a full report see:
npm ERR! /Users/gazcn007/.npm/_logs/2024-10-23T03_20_04_629Z-eresolve-report.txt

npm ERR! A complete log of this run can be found in: /Users/gazcn007/.npm/_logs/2024-10-23T03_20_04_629Z-debug-0.log
